<?xml version="1.0" encoding="UTF-8"?>
<!-- Generated by org.testng.reporters.JUnitXMLReporter -->
<testsuite ignored="0" hostname="DESKTOP-FLAOSQM" failures="1" tests="3" name="Listener demo Test" time="18.578" errors="0" timestamp="2024-01-24T18:35:19 IST">
  <testcase classname="testNgListener.ListenerTest" name="Login" time="18.304">
    <failure type="java.lang.AssertionError" message="expected [OrangeHRMm] but found [OrangeHRM]">
      <![CDATA[java.lang.AssertionError: expected [OrangeHRMm] but found [OrangeHRM]
at testNgListener.ListenerTest.Login(ListenerTest.java:56)
at java.base/java.util.ArrayList.forEach(ArrayList.java:1511)
... Removed 33 stack frames]]>
    </failure>
  </testcase> <!-- Login -->
  <testcase classname="testNgListener.ListenerTest" name="tc2" time="0.004"/>
  <testcase classname="testNgListener.ListenerTest" name="tc3" time="0.0">
    <skipped/>
  </testcase> <!-- tc3 -->
</testsuite> <!-- Listener demo Test -->
