<?xml version="1.0" encoding="UTF-8"?>
<testng-results ignored="0" total="2" passed="2" failed="0" skipped="0">
  <reporter-output>
  </reporter-output>
  <suite started-at="2024-01-26T13:13:51 IST" name="Suite" finished-at="2024-01-26T13:14:21 IST" duration-ms="30440">
    <groups>
    </groups>
    <test started-at="2024-01-26T13:13:51 IST" name="ParallelTest" finished-at="2024-01-26T13:14:21 IST" duration-ms="30440">
      <class name="testNGDiscussion.LogOutOrangeHRM">
        <test-method signature="Login()[pri:1, instance:testNGDiscussion.LogOutOrangeHRM@27f981c6]" started-at="2024-01-26T13:13:51 IST" name="Login" finished-at="2024-01-26T13:14:18 IST" duration-ms="26430" status="PASS">
          <reporter-output>
          </reporter-output>
        </test-method> <!-- Login -->
        <test-method signature="Logout()[pri:2, instance:testNGDiscussion.LogOutOrangeHRM@27f981c6]" started-at="2024-01-26T13:14:18 IST" name="Logout" finished-at="2024-01-26T13:14:21 IST" duration-ms="3888" status="PASS">
          <reporter-output>
          </reporter-output>
        </test-method> <!-- Logout -->
      </class> <!-- testNGDiscussion.LogOutOrangeHRM -->
    </test> <!-- ParallelTest -->
  </suite> <!-- Suite -->
</testng-results>
