<?xml version="1.0" encoding="UTF-8"?>
<!-- Generated by org.testng.reporters.JUnitXMLReporter -->
<testsuite ignored="0" hostname="DESKTOP-FLAOSQM" failures="1" tests="8" name="Test Annotations" time="0.216" errors="0" timestamp="2024-01-18T21:59:00 IST">
  <testcase classname="testNGDiscussion.TestCase" name="Login" time="0.021">
    <failure type="java.lang.AssertionError">
      <![CDATA[java.lang.AssertionError
at org.junit.Assert.fail(Assert.java:87)
at org.junit.Assert.fail(Assert.java:96)
at testNGDiscussion.TestCase.Login(TestCase.java:38)
at java.base/java.util.ArrayList.forEach(ArrayList.java:1511)
... Removed 27 stack frames]]>
    </failure>
  </testcase> <!-- Login -->
  <testcase classname="testNGDiscussion.TestCase" name="Logout" time="0.005"/>
  <testcase classname="testNGDiscussion.TestCase" name="Admin" time="0.007"/>
  <testcase classname="testNGDiscussion.TestCase" name="Dashboard" time="0.006"/>
  <testcase classname="testNGDiscussion.TestCase2" name="Login" time="0.003"/>
  <testcase classname="testNGDiscussion.TestCase2" name="Logout" time="0.008"/>
  <testcase classname="testNGDiscussion.TestCase2" name="Admin" time="0.009"/>
  <testcase classname="testNGDiscussion.TestCase2" name="Dashboard" time="0.005"/>
</testsuite> <!-- Test Annotations -->
