<?xml version="1.0" encoding="UTF-8"?>
<!-- Generated by org.testng.reporters.JUnitXMLReporter -->
<testsuite ignored="0" hostname="DESKTOP-FLAOSQM" failures="0" tests="7" name="Test Module" time="0.263" errors="0" timestamp="2024-01-16T19:13:33 IST">
  <testcase classname="testNGDiscussion.TestCase" name="Dashboard" time="0.015"/>
  <testcase classname="testNGDiscussion.TestCase" name="Logout" time="0.007"/>
  <testcase classname="testNGDiscussion.TestCase" name="Login" time="0.007"/>
  <testcase classname="testNGDiscussion.TestCase" name="Admin" time="0.01"/>
  <testcase classname="testNGDiscussion.TestCase2" name="Dashboard2" time="0.006"/>
  <testcase classname="testNGDiscussion.TestCase2" name="Login2" time="0.008"/>
  <testcase classname="testNGDiscussion.TestCase2" name="Admin2" time="0.01"/>
</testsuite> <!-- Test Module -->
